<?xml version="1.0" encoding="UTF-8"?>
<testng-results ignored="0" total="2" passed="2" failed="0" skipped="0">
  <reporter-output>
  </reporter-output>
  <suite started-at="2022-11-17T12:55:32 IST" name="Default suite" finished-at="2022-11-17T12:55:38 IST" duration-ms="6625">
    <groups>
    </groups>
    <test started-at="2022-11-17T12:55:32 IST" name="Default test" finished-at="2022-11-17T12:55:38 IST" duration-ms="6625">
      <class name="ExelFile.FBlogin">
        <test-method signature="launch()[pri:0, instance:ExelFile.FBlogin@34b7ac2f]" started-at="2022-11-17T12:55:32 IST" name="launch" finished-at="2022-11-17T12:55:33 IST" duration-ms="1418" status="PASS">
          <reporter-output>
          </reporter-output>
        </test-method> <!-- launch -->
        <test-method signature="login()[pri:0, instance:ExelFile.FBlogin@34b7ac2f]" started-at="2022-11-17T12:55:33 IST" name="login" finished-at="2022-11-17T12:55:38 IST" duration-ms="5174" status="PASS">
          <reporter-output>
          </reporter-output>
        </test-method> <!-- login -->
      </class> <!-- ExelFile.FBlogin -->
    </test> <!-- Default test -->
  </suite> <!-- Default suite -->
</testng-results>
