<?xml version="1.0" encoding="UTF-8"?>
<testng-results ignored="0" total="1" passed="1" failed="0" skipped="0">
  <reporter-output>
  </reporter-output>
  <suite started-at="2022-11-25T16:01:59 IST" name="Default suite" finished-at="2022-11-25T16:02:28 IST" duration-ms="29513">
    <groups>
    </groups>
    <test started-at="2022-11-25T16:01:59 IST" name="Default test" finished-at="2022-11-25T16:02:28 IST" duration-ms="29513">
      <class name="Fremeworks.TestCase2">
        <test-method signature="data()[pri:0, instance:Fremeworks.TestCase2@192d43ce]" started-at="2022-11-25T16:01:59 IST" name="data" finished-at="2022-11-25T16:02:28 IST" duration-ms="29482" status="PASS">
          <reporter-output>
          </reporter-output>
        </test-method> <!-- data -->
      </class> <!-- Fremeworks.TestCase2 -->
    </test> <!-- Default test -->
  </suite> <!-- Default suite -->
</testng-results>
